<?xml version="1.0" encoding="UTF-8"?>
<testsuite xmlns:xsi="http://www.w3.org/2001/XMLSchema-instance" xsi:noNamespaceSchemaLocation="https://maven.apache.org/surefire/maven-surefire-plugin/xsd/surefire-test-report.xsd" version="3.0.2" name="com.spring.security.test.SpringSecurityTest.SpringSecurityTestApplicationTests" time="8.011" tests="1" errors="0" skipped="0" failures="0">
  <properties>
[...]
</properties>
  <testcase name="contextLoads" classname="com.spring.security.test.SpringSecurityTest.SpringSecurityTestApplicationTests" time="2.021">
    <system-out><![CDATA[15:23:10.100 [main] INFO org.springframework.test.context.support.AnnotationConfigContextLoaderUtils -- Could not detect default configuration classes for test class [com.spring.security.test.SpringSecurityTest.SpringSecurityTestApplicationTests]: SpringSecurityTestApplicationTests does not declare any static, non-private, non-final, nested classes annotated with @Configuration.
15:23:10.412 [main] INFO org.springframework.boot.test.context.SpringBootTestContextBootstrapper -- Found @SpringBootConfiguration com.spring.security.test.SpringSecurityTest.SpringSecurityTestApplication for test class com.spring.security.test.SpringSecurityTest.SpringSecurityTestApplicationTests

  .   ____          _            __ _ _
 /\\ / ___'_ __ _ _(_)_ __  __ _ \ \ \ \
( ( )\___ | '_ | '_| | '_ \/ _` | \ \ \ \
 \\/  ___)| |_)| | | | | || (_| |  ) ) ) )
  '  |____| .__|_| |_|_| |_\__, | / / / /
 =========|_|==============|___/=/_/_/_/

 :: Spring Boot ::                (v3.4.0)

2024-12-14T15:23:11.707+05:30  INFO 6480 --- [SpringSecurityTest] [           main] s.t.S.SpringSecurityTestApplicationTests : Starting SpringSecurityTestApplicationTests using Java 21.0.2 with PID 6480 (started by LENOVO in C:\Users\LENOVO\Videos\SpringSecurityTest\SpringSecurityTest)
2024-12-14T15:23:11.709+05:30  INFO 6480 --- [SpringSecurityTest] [           main] s.t.S.SpringSecurityTestApplicationTests : No active profile set, falling back to 1 default profile: "default"
2024-12-14T15:23:14.183+05:30  INFO 6480 --- [SpringSecurityTest] [           main] r$InitializeUserDetailsManagerConfigurer : Global AuthenticationManager configured with UserDetailsService bean with name inMemoryUserDetailsManager
2024-12-14T15:23:15.358+05:30  INFO 6480 --- [SpringSecurityTest] [           main] s.t.S.SpringSecurityTestApplicationTests : Started SpringSecurityTestApplicationTests in 4.434 seconds (process running for 8.502)
]]></system-out>
    <system-err><![CDATA[Mockito is currently self-attaching to enable the inline-mock-maker. This will no longer work in future releases of the JDK. Please add Mockito as an agent to your build what is described in Mockito's documentation: https://javadoc.io/doc/org.mockito/mockito-core/latest/org/mockito/Mockito.html#0.3
WARNING: A Java agent has been loaded dynamically (C:\Users\LENOVO\.m2\repository\net\bytebuddy\byte-buddy-agent\1.15.10\byte-buddy-agent-1.15.10.jar)
WARNING: If a serviceability tool is in use, please run with -XX:+EnableDynamicAgentLoading to hide this warning
WARNING: If a serviceability tool is not in use, please run with -Djdk.instrument.traceUsage for more information
WARNING: Dynamic loading of agents will be disallowed by default in a future release
]]></system-err>
  </testcase>
</testsuite>